<?xml version="1.0" encoding="UTF-8"?>
<!-- Generated by org.testng.reporters.JUnitReportReporter -->
<testsuite skipped="0" hostname="INM-04039" name="phptravels.runners.TestRunner" tests="6" failures="0" timestamp="23 Jul 2019 08:31:06 GMT" time="249.804" errors="0">
  <testcase name="runScenario" time="16.372" classname="phptravels.runners.TestRunner"/>
  <testcase name="runScenario" time="173.752" classname="phptravels.runners.TestRunner"/>
  <testcase name="runScenario" time="28.937" classname="phptravels.runners.TestRunner"/>
  <testcase name="runScenario" time="11.760" classname="phptravels.runners.TestRunner"/>
  <testcase name="runScenario" time="8.549" classname="phptravels.runners.TestRunner"/>
  <testcase name="runScenario" time="10.434" classname="phptravels.runners.TestRunner"/>
</testsuite> <!-- phptravels.runners.TestRunner -->
