<?xml version="1.0" encoding="UTF-8"?>
<!-- Generated by org.testng.reporters.JUnitReportReporter -->
<testsuite skipped="0" hostname="INM-04039" name="phptravels.runners.TestRunner" tests="6" failures="0" timestamp="26 Jul 2019 02:59:30 GMT" time="358.475" errors="0">
  <testcase name="runScenario" time="15.365" classname="phptravels.runners.TestRunner"/>
  <testcase name="runScenario" time="11.100" classname="phptravels.runners.TestRunner"/>
  <testcase name="runScenario" time="32.672" classname="phptravels.runners.TestRunner"/>
  <testcase name="runScenario" time="25.969" classname="phptravels.runners.TestRunner"/>
  <testcase name="runScenario" time="13.550" classname="phptravels.runners.TestRunner"/>
  <testcase name="runScenario" time="259.819" classname="phptravels.runners.TestRunner"/>
</testsuite> <!-- phptravels.runners.TestRunner -->
