<?xml version="1.0" encoding="UTF-8"?>
<!-- Generated by org.testng.reporters.JUnitReportReporter -->
<testsuite skipped="0" hostname="INM-04039" name="phptravels.runners.TestRunner" tests="1" failures="0" timestamp="22 Jul 2019 06:51:16 GMT" time="259.585" errors="0">
  <testcase name="feature" time="259.585" classname="phptravels.runners.TestRunner"/>
</testsuite> <!-- phptravels.runners.TestRunner -->
