<?xml version="1.0" encoding="UTF-8"?>
<!-- Generated by org.testng.reporters.JUnitReportReporter -->
<testsuite skipped="0" hostname="INM-04039" name="phptravels.runners.TestRunner" tests="6" failures="0" timestamp="14 Aug 2019 07:25:52 GMT" time="211.901" errors="0">
  <testcase name="runScenario" time="53.180" classname="phptravels.runners.TestRunner"/>
  <testcase name="runScenario" time="20.067" classname="phptravels.runners.TestRunner"/>
  <testcase name="runScenario" time="12.177" classname="phptravels.runners.TestRunner"/>
  <testcase name="runScenario" time="34.570" classname="phptravels.runners.TestRunner"/>
  <testcase name="runScenario" time="66.704" classname="phptravels.runners.TestRunner"/>
  <testcase name="runScenario" time="25.203" classname="phptravels.runners.TestRunner"/>
</testsuite> <!-- phptravels.runners.TestRunner -->
